<?xml version="1.0" encoding="UTF-8"?>
<!-- Generated by org.testng.reporters.JUnitReportReporter -->
<testsuite hostname="DESKTOP-T9G15NC" failures="0" tests="1" name="com.automationExercise.testCases.TC_024_DownloadPurchaseInvoiceTest" time="60.810" errors="0" timestamp="2023-08-31T12:37:25 IST" skipped="0">
  <testcase classname="com.automationExercise.testCases.TC_024_DownloadPurchaseInvoiceTest" name="verifyDownloadPurchaseInvoice" time="60.810"/>
  <system-out/>
</testsuite> <!-- com.automationExercise.testCases.TC_024_DownloadPurchaseInvoiceTest -->
