<?xml version="1.0" encoding="UTF-8"?>
<!-- Generated by org.testng.reporters.JUnitReportReporter -->
<testsuite hostname="DESKTOP-T9G15NC" failures="0" tests="1" name="com.automationExercise.testCases.TC_026_ScrollWithoutArrowKeyTest" time="1.758" errors="0" timestamp="2023-08-31T12:37:25 IST" skipped="0">
  <testcase classname="com.automationExercise.testCases.TC_026_ScrollWithoutArrowKeyTest" name="verifyScrollWithoutArrowKey" time="1.758"/>
  <system-out/>
</testsuite> <!-- com.automationExercise.testCases.TC_026_ScrollWithoutArrowKeyTest -->
