<?xml version="1.0" encoding="UTF-8"?>
<!-- Generated by org.testng.reporters.JUnitReportReporter -->
<testsuite hostname="DESKTOP-T9G15NC" failures="0" tests="5" name="com.automationExercise.testCases.TC_003_InvalidLoginTest" time="306.729" errors="0" timestamp="2023-08-31T12:31:05 IST" skipped="0">
  <testcase classname="com.automationExercise.testCases.TC_003_InvalidLoginTest" name="verifyInvalidLogin" time="60.618"/>
  <system-out/>
  <testcase classname="com.automationExercise.testCases.TC_003_InvalidLoginTest" name="verifyInvalidLogin" time="60.196"/>
  <system-out/>
  <testcase classname="com.automationExercise.testCases.TC_003_InvalidLoginTest" name="verifyInvalidLogin" time="63.158"/>
  <system-out/>
  <testcase classname="com.automationExercise.testCases.TC_003_InvalidLoginTest" name="verifyInvalidLogin" time="62.556"/>
  <system-out/>
  <testcase classname="com.automationExercise.testCases.TC_003_InvalidLoginTest" name="verifyInvalidLogin" time="60.201"/>
  <system-out/>
</testsuite> <!-- com.automationExercise.testCases.TC_003_InvalidLoginTest -->
