<?xml version="1.0" encoding="UTF-8"?>
<!-- Generated by org.testng.reporters.JUnitReportReporter -->
<testsuite hostname="DESKTOP-T9G15NC" failures="0" tests="1" name="com.automationExercise.testCases.TC_001_RegisterUserTest" time="42.045" errors="0" timestamp="2023-08-31T12:16:38 IST" skipped="0">
  <testcase classname="com.automationExercise.testCases.TC_001_RegisterUserTest" name="verifyRegisterPage" time="42.045"/>
  <system-out/>
</testsuite> <!-- com.automationExercise.testCases.TC_001_RegisterUserTest -->
